<?xml version="1.0" encoding="UTF-8"?>
<!-- Generated by org.testng.reporters.JUnitReportReporter -->
<testsuite hostname="GGKU5DELL1774" failures="0" tests="1" name="com.acsicorp.appiumproject.BasicsTest" time="15.318" errors="0" timestamp="31 Jan 2023 03:50:56 GMT" skipped="0">
  <testcase classname="com.acsicorp.appiumproject.BasicsTest" name="appiumtest" time="15.318"/>
</testsuite> <!-- com.acsicorp.appiumproject.BasicsTest -->
