<?xml version="1.0" encoding="UTF-8"?>
<!-- Generated by org.testng.reporters.JUnitReportReporter -->
<testsuite hostname="GGKU5DELL1774" failures="0" tests="3" name="com.acsicorp.testsuite.GeneralStoreTestsuite" time="170.210" errors="0" timestamp="2023-02-06T16:36:16 IST" skipped="0">
  <testcase classname="com.acsicorp.testsuite.GeneralStoreTestsuite" name="test1" time="76.446"/>
  <system-out/>
  <testcase classname="com.acsicorp.testsuite.GeneralStoreTestsuite" name="test2" time="37.532"/>
  <system-out/>
  <testcase classname="com.acsicorp.testsuite.GeneralStoreTestsuite" name="test3" time="56.232"/>
  <system-out/>
</testsuite> <!-- com.acsicorp.testsuite.GeneralStoreTestsuite -->
