<?xml version="1.0" encoding="UTF-8"?>
<!-- Generated by org.testng.reporters.JUnitReportReporter -->
<testsuite hostname="GGKU5DELL1774" failures="0" tests="1" name="com.acsicorp.testcases.Testsuite" time="17.652" errors="0" timestamp="30 Jan 2023 11:57:47 GMT" skipped="0">
  <testcase classname="com.acsicorp.testcases.Testsuite" name="launchapplication" time="17.652"/>
</testsuite> <!-- com.acsicorp.testcases.Testsuite -->
